<?xml version="1.0" encoding="UTF-8"?>
<testsuite name="itmo.is.validation.ValidationTest" tests="12" skipped="0" failures="0" errors="0" timestamp="2025-10-10T22:02:48.413Z" hostname="MacBook-Pro-Konstantin.local" time="0.123">
  <properties/>
  <testcase name="testRouteValidation_InvalidRating()" classname="itmo.is.validation.ValidationTest" time="0.092"/>
  <testcase name="testRouteValidation_ValidRoute()" classname="itmo.is.validation.ValidationTest" time="0.004"/>
  <testcase name="testLocationValidation_NullName()" classname="itmo.is.validation.ValidationTest" time="0.003"/>
  <testcase name="testRouteValidation_InvalidDistance()" classname="itmo.is.validation.ValidationTest" time="0.003"/>
  <testcase name="testLocationValidation_EdgeCaseValues()" classname="itmo.is.validation.ValidationTest" time="0.003"/>
  <testcase name="testRouteValidation_MultipleViolations()" classname="itmo.is.validation.ValidationTest" time="0.005"/>
  <testcase name="testCoordinatesValidation_ValidCoordinates()" classname="itmo.is.validation.ValidationTest" time="0.003"/>
  <testcase name="testLocationValidation_InvalidName()" classname="itmo.is.validation.ValidationTest" time="0.002"/>
  <testcase name="testCoordinatesValidation_InvalidY()" classname="itmo.is.validation.ValidationTest" time="0.001"/>
  <testcase name="testRouteValidation_EdgeCaseValues()" classname="itmo.is.validation.ValidationTest" time="0.001"/>
  <testcase name="testLocationValidation_ValidLocation()" classname="itmo.is.validation.ValidationTest" time="0.001"/>
  <testcase name="testRouteValidation_InvalidName()" classname="itmo.is.validation.ValidationTest" time="0.003"/>
  <system-out><![CDATA[]]></system-out>
  <system-err><![CDATA[Oct 11, 2025 1:02:48 AM org.hibernate.validator.internal.util.Version <clinit>
INFO: HV000001: Hibernate Validator 8.0.1.Final
]]></system-err>
</testsuite>
