<?xml version="1.0" encoding="UTF-8"?>
<testsuite name="itmo.is.integration.IntegrationTest" tests="10" skipped="0" failures="0" errors="0" timestamp="2025-10-10T22:27:15.373Z" hostname="MacBook-Pro-Konstantin.local" time="0.004">
  <properties/>
  <testcase name="testRouteValidation()" classname="itmo.is.integration.IntegrationTest" time="0.001"/>
  <testcase name="testRouteNotFound()" classname="itmo.is.integration.IntegrationTest" time="0.0"/>
  <testcase name="testLocationValidation()" classname="itmo.is.integration.IntegrationTest" time="0.001"/>
  <testcase name="testLocationDeletionNotFound()" classname="itmo.is.integration.IntegrationTest" time="0.0"/>
  <testcase name="testLocationCreationAndRetrieval()" classname="itmo.is.integration.IntegrationTest" time="0.0"/>
  <testcase name="testLocationDeletion()" classname="itmo.is.integration.IntegrationTest" time="0.001"/>
  <testcase name="testLocationNotFound()" classname="itmo.is.integration.IntegrationTest" time="0.0"/>
  <testcase name="testRouteCreationWithValidation()" classname="itmo.is.integration.IntegrationTest" time="0.001"/>
  <testcase name="testRouteDeletionNotFound()" classname="itmo.is.integration.IntegrationTest" time="0.0"/>
  <testcase name="testRouteDeletion()" classname="itmo.is.integration.IntegrationTest" time="0.0"/>
  <system-out><![CDATA[]]></system-out>
  <system-err><![CDATA[]]></system-err>
</testsuite>
