<?xml version="1.0" encoding="UTF-8"?>
<testsuite name="itmo.is.controller.LocationControllerTest" tests="9" skipped="0" failures="0" errors="0" timestamp="2025-10-07T19:06:31.721Z" hostname="MacBook-Pro-Konstantin.local" time="0.407">
  <properties/>
  <testcase name="testDeleteLocation_Success()" classname="itmo.is.controller.LocationControllerTest" time="0.392"/>
  <testcase name="testUpdateLocation_Success()" classname="itmo.is.controller.LocationControllerTest" time="0.003"/>
  <testcase name="testDeleteLocation_NotFound()" classname="itmo.is.controller.LocationControllerTest" time="0.001"/>
  <testcase name="testGetLocationById_Success()" classname="itmo.is.controller.LocationControllerTest" time="0.002"/>
  <testcase name="testCreateLocation_BadRequest()" classname="itmo.is.controller.LocationControllerTest" time="0.001"/>
  <testcase name="testUpdateLocation_BadRequest()" classname="itmo.is.controller.LocationControllerTest" time="0.002"/>
  <testcase name="testCreateLocation_Success()" classname="itmo.is.controller.LocationControllerTest" time="0.001"/>
  <testcase name="testGetLocationById_NotFound()" classname="itmo.is.controller.LocationControllerTest" time="0.001"/>
  <testcase name="testGetAllLocations()" classname="itmo.is.controller.LocationControllerTest" time="0.001"/>
  <system-out><![CDATA[]]></system-out>
  <system-err><![CDATA[]]></system-err>
</testsuite>
