<?xml version="1.0" encoding="UTF-8"?>
<testsuite name="itmo.is.AppTest" tests="1" skipped="0" failures="0" errors="0" timestamp="2025-10-10T22:02:47.836Z" hostname="MacBook-Pro-Konstantin.local" time="0.005">
  <properties/>
  <testcase name="applicationLoads()" classname="itmo.is.AppTest" time="0.005"/>
  <system-out><![CDATA[]]></system-out>
  <system-err><![CDATA[]]></system-err>
</testsuite>
