<?xml version="1.0" encoding="UTF-8"?>
<testsuite name="itmo.is.AppTest" tests="1" skipped="0" failures="0" errors="0" timestamp="2025-10-07T06:01:42.243Z" hostname="MacBook-Pro-Konstantin.local" time="0.004">
  <properties/>
  <testcase name="applicationLoads()" classname="itmo.is.AppTest" time="0.004"/>
  <system-out><![CDATA[]]></system-out>
  <system-err><![CDATA[]]></system-err>
</testsuite>
