<?xml version="1.0" encoding="UTF-8"?>
<testsuite name="itmo.is.AppTest" tests="1" skipped="0" failures="0" errors="0" timestamp="2025-10-07T12:20:57.223Z" hostname="dhcp-48-182.elcom.spb.ru" time="0.005">
  <properties/>
  <testcase name="applicationLoads()" classname="itmo.is.AppTest" time="0.005"/>
  <system-out><![CDATA[]]></system-out>
  <system-err><![CDATA[]]></system-err>
</testsuite>
